<!DOCTYPE html PUBLIC "-//W3C//DTD XHTML 1.1//EN" "http://www.w3.org/TR/xhtml11/DTD/xhtml11.dtd">
<html xmlns="http://www.w3.org/1999/xhtml"><head><title>TestNG Report</title><style type="text/css">table {margin-bottom:10px;border-collapse:collapse;empty-cells:show}th,td {border:1px solid #009;padding:.25em .5em}th {vertical-align:bottom}td {vertical-align:top}table a {font-weight:bold}.stripe td {background-color: #E6EBF9}.num {text-align:right}.passedodd td {background-color: #3F3}.passedeven td {background-color: #0A0}.skippedodd td {background-color: #DDD}.skippedeven td {background-color: #CCC}.failedodd td,.attn {background-color: #F33}.failedeven td,.stripe .attn {background-color: #D00}.stacktrace {white-space:pre;font-family:monospace}.totop {font-size:85%;text-align:center;border-bottom:2px solid #000}</style></head><body><table><tr><th>Test</th><th># Passed</th><th># Skipped</th><th># Failed</th><th>Time (ms)</th><th>Included Groups</th><th>Excluded Groups</th></tr><tr><th colspan="7">Suite</th></tr><tr><td><a href="#t0">Test</a></td><td class="num">4</td><td class="num attn">7</td><td class="num">0</td><td class="num">43,584</td><td></td><td></td></tr></table><table><thead><tr><th>Class</th><th>Method</th><th>Start</th><th>Time (ms)</th></tr></thead><tbody><tr><th colspan="4">Suite</th></tr></tbody><tbody id="t0"><tr><th colspan="4">Test &#8212; skipped</th></tr><tr class="skippedeven"><td rowspan="7">com.test.automation.testStartup.TestLauncher</td><td><a href="#m0">executeTestCase</a></td><td rowspan="7">1518729119015</td><td rowspan="7">38</td></tr><tr class="skippedeven"><td><a href="#m1">executeTestCase</a></td></tr><tr class="skippedeven"><td><a href="#m2">executeTestCase</a></td></tr><tr class="skippedeven"><td><a href="#m3">executeTestCase</a></td></tr><tr class="skippedeven"><td><a href="#m4">executeTestCase</a></td></tr><tr class="skippedeven"><td><a href="#m5">executeTestCase</a></td></tr><tr class="skippedeven"><td><a href="#m6">executeTestCase</a></td></tr><tr><th colspan="4">Test &#8212; passed</th></tr><tr class="passedeven"><td rowspan="4">com.test.automation.testStartup.TestLauncher</td><td><a href="#m7">executeTestCase</a></td><td rowspan="4">1518729098761</td><td rowspan="4">17885</td></tr><tr class="passedeven"><td><a href="#m8">executeTestCase</a></td></tr><tr class="passedeven"><td><a href="#m9">executeTestCase</a></td></tr><tr class="passedeven"><td><a href="#m10">executeTestCase</a></td></tr></tbody></table><h2>Test</h2><h3 id="m0">com.test.automation.testStartup.TestLauncher#executeTestCase</h3><table class="result"><tr class="param"><th>Parameter #1</th></tr><tr class="param stripe"><td></td></tr><tr><th>Exception</th></tr><tr><td><div class="stacktrace">org.testng.SkipException: Already Executed
	at com.test.automation.executionEngine.TestCaseDriver.executeTestSteps(TestCaseDriver.java:79)
	at com.test.automation.testStartup.TestLauncher.executeTestCase(TestLauncher.java:59)
... Removed 25 stack frames</div></td></tr></table><p class="totop"><a href="#summary">back to summary</a></p><h3 id="m1">com.test.automation.testStartup.TestLauncher#executeTestCase</h3><table class="result"><tr class="param"><th>Parameter #1</th></tr><tr class="param stripe"><td></td></tr><tr><th>Exception</th></tr><tr><td><div class="stacktrace">org.testng.SkipException: Already Executed
	at com.test.automation.executionEngine.TestCaseDriver.executeTestSteps(TestCaseDriver.java:79)
	at com.test.automation.testStartup.TestLauncher.executeTestCase(TestLauncher.java:59)
... Removed 25 stack frames</div></td></tr></table><p class="totop"><a href="#summary">back to summary</a></p><h3 id="m2">com.test.automation.testStartup.TestLauncher#executeTestCase</h3><table class="result"><tr class="param"><th>Parameter #1</th></tr><tr class="param stripe"><td></td></tr><tr><th>Exception</th></tr><tr><td><div class="stacktrace">org.testng.SkipException: Already Executed
	at com.test.automation.executionEngine.TestCaseDriver.executeTestSteps(TestCaseDriver.java:79)
	at com.test.automation.testStartup.TestLauncher.executeTestCase(TestLauncher.java:59)
... Removed 25 stack frames</div></td></tr></table><p class="totop"><a href="#summary">back to summary</a></p><h3 id="m3">com.test.automation.testStartup.TestLauncher#executeTestCase</h3><table class="result"><tr class="param"><th>Parameter #1</th></tr><tr class="param stripe"><td></td></tr><tr><th>Exception</th></tr><tr><td><div class="stacktrace">org.testng.SkipException: Already Executed
	at com.test.automation.executionEngine.TestCaseDriver.executeTestSteps(TestCaseDriver.java:79)
	at com.test.automation.testStartup.TestLauncher.executeTestCase(TestLauncher.java:59)
... Removed 25 stack frames</div></td></tr></table><p class="totop"><a href="#summary">back to summary</a></p><h3 id="m4">com.test.automation.testStartup.TestLauncher#executeTestCase</h3><table class="result"><tr class="param"><th>Parameter #1</th></tr><tr class="param stripe"><td></td></tr><tr><th>Exception</th></tr><tr><td><div class="stacktrace">org.testng.SkipException: Already Executed
	at com.test.automation.executionEngine.TestCaseDriver.executeTestSteps(TestCaseDriver.java:79)
	at com.test.automation.testStartup.TestLauncher.executeTestCase(TestLauncher.java:59)
... Removed 25 stack frames</div></td></tr></table><p class="totop"><a href="#summary">back to summary</a></p><h3 id="m5">com.test.automation.testStartup.TestLauncher#executeTestCase</h3><table class="result"><tr class="param"><th>Parameter #1</th></tr><tr class="param stripe"><td></td></tr><tr><th>Exception</th></tr><tr><td><div class="stacktrace">org.testng.SkipException: Already Executed
	at com.test.automation.executionEngine.TestCaseDriver.executeTestSteps(TestCaseDriver.java:79)
	at com.test.automation.testStartup.TestLauncher.executeTestCase(TestLauncher.java:59)
... Removed 25 stack frames</div></td></tr></table><p class="totop"><a href="#summary">back to summary</a></p><h3 id="m6">com.test.automation.testStartup.TestLauncher#executeTestCase</h3><table class="result"><tr class="param"><th>Parameter #1</th></tr><tr class="param stripe"><td></td></tr><tr><th>Exception</th></tr><tr><td><div class="stacktrace">org.testng.SkipException: Already Executed
	at com.test.automation.executionEngine.TestCaseDriver.executeTestSteps(TestCaseDriver.java:79)
	at com.test.automation.testStartup.TestLauncher.executeTestCase(TestLauncher.java:59)
... Removed 25 stack frames</div></td></tr></table><p class="totop"><a href="#summary">back to summary</a></p><h3 id="m7">com.test.automation.testStartup.TestLauncher#executeTestCase</h3><table class="result"><tr class="param"><th>Parameter #1</th></tr><tr class="param stripe"><td>[Searching for a product in Amazon] Search for particular product</td></tr></table><p class="totop"><a href="#summary">back to summary</a></p><h3 id="m8">com.test.automation.testStartup.TestLauncher#executeTestCase</h3><table class="result"><tr class="param"><th>Parameter #1</th></tr><tr class="param stripe"><td>[Searching for a product in Amazon] Get the title</td></tr></table><p class="totop"><a href="#summary">back to summary</a></p><h3 id="m9">com.test.automation.testStartup.TestLauncher#executeTestCase</h3><table class="result"><tr class="param"><th>Parameter #1</th></tr><tr class="param stripe"><td>[Searching for a product in Amazon] Select ‘Books’ category from dropdown</td></tr></table><p class="totop"><a href="#summary">back to summary</a></p><h3 id="m10">com.test.automation.testStartup.TestLauncher#executeTestCase</h3><table class="result"><tr class="param"><th>Parameter #1</th></tr><tr class="param stripe"><td>[Searching for a product in Amazon] Navigate to amazon.com</td></tr></table><p class="totop"><a href="#summary">back to summary</a></p></body></html>