<?xml version="1.0" encoding="UTF-8"?>
<testng-results skipped="2" failed="0" ignored="0" total="10" passed="8">
  <reporter-output>
  </reporter-output>
  <suite name="Suite" duration-ms="34811" started-at="2018-02-17T09:45:26Z" finished-at="2018-02-17T09:46:01Z">
    <groups>
    </groups>
    <test name="Test" duration-ms="34811" started-at="2018-02-17T09:45:26Z" finished-at="2018-02-17T09:46:01Z">
      <class name="com.test.automation.testStartup.TestLauncher">
        <test-method status="PASS" signature="beforeSuite(org.testng.ITestContext)[pri:0, instance:com.test.automation.testStartup.TestLauncher@3f49dace]" name="beforeSuite" is-config="true" duration-ms="807" started-at="2018-02-17T15:15:25Z" finished-at="2018-02-17T15:15:26Z">
          <params>
            <param index="0">
              <value>
                <![CDATA[org.testng.TestRunner@9fecdf1]]>
              </value>
            </param>
          </params>
          <reporter-output>
          </reporter-output>
        </test-method> <!-- beforeSuite -->
        <test-method status="PASS" signature="executeTestCase(java.lang.String)[pri:0, instance:com.test.automation.testStartup.TestLauncher@3f49dace]" name="executeTestCase" duration-ms="15869" started-at="2018-02-17T15:15:26Z" data-provider="testCaseNameProvider" finished-at="2018-02-17T15:15:42Z">
          <params>
            <param index="0">
              <value>
                <![CDATA[[Searching for a product in Amazon] Navigate to Amazon.com]]>
              </value>
            </param>
          </params>
          <reporter-output>
          </reporter-output>
        </test-method> <!-- executeTestCase -->
        <test-method status="PASS" signature="executeTestCase(java.lang.String)[pri:0, instance:com.test.automation.testStartup.TestLauncher@3f49dace]" name="executeTestCase" duration-ms="8388" started-at="2018-02-17T15:15:42Z" data-provider="testCaseNameProvider" finished-at="2018-02-17T15:15:51Z">
          <params>
            <param index="0">
              <value>
                <![CDATA[[Searching for a product in Amazon] Select ‘Books’ category from dropdown]]>
              </value>
            </param>
          </params>
          <reporter-output>
          </reporter-output>
        </test-method> <!-- executeTestCase -->
        <test-method status="PASS" signature="executeTestCase(java.lang.String)[pri:0, instance:com.test.automation.testStartup.TestLauncher@3f49dace]" name="executeTestCase" duration-ms="10098" started-at="2018-02-17T15:15:51Z" data-provider="testCaseNameProvider" finished-at="2018-02-17T15:16:01Z">
          <params>
            <param index="0">
              <value>
                <![CDATA[[Searching for a product in Amazon] Search for particular product]]>
              </value>
            </param>
          </params>
          <reporter-output>
          </reporter-output>
        </test-method> <!-- executeTestCase -->
        <test-method status="PASS" signature="executeTestCase(java.lang.String)[pri:0, instance:com.test.automation.testStartup.TestLauncher@3f49dace]" name="executeTestCase" duration-ms="71" started-at="2018-02-17T15:16:01Z" data-provider="testCaseNameProvider" finished-at="2018-02-17T15:16:01Z">
          <params>
            <param index="0">
              <value>
                <![CDATA[[Searching for a product in Amazon] Get the title]]>
              </value>
            </param>
          </params>
          <reporter-output>
          </reporter-output>
        </test-method> <!-- executeTestCase -->
        <test-method status="PASS" signature="executeTestCase(java.lang.String)[pri:0, instance:com.test.automation.testStartup.TestLauncher@3f49dace]" name="executeTestCase" duration-ms="82" started-at="2018-02-17T15:16:01Z" data-provider="testCaseNameProvider" finished-at="2018-02-17T15:16:01Z">
          <params>
            <param index="0">
              <value>
                <![CDATA[[Searching for a product in Amazon] Get first edition type]]>
              </value>
            </param>
          </params>
          <reporter-output>
          </reporter-output>
        </test-method> <!-- executeTestCase -->
        <test-method status="PASS" signature="executeTestCase(java.lang.String)[pri:0, instance:com.test.automation.testStartup.TestLauncher@3f49dace]" name="executeTestCase" duration-ms="87" started-at="2018-02-17T15:16:01Z" data-provider="testCaseNameProvider" finished-at="2018-02-17T15:16:01Z">
          <params>
            <param index="0">
              <value>
                <![CDATA[[Searching for a product in Amazon] Get first edition price]]>
              </value>
            </param>
          </params>
          <reporter-output>
          </reporter-output>
        </test-method> <!-- executeTestCase -->
        <test-method status="PASS" signature="executeTestCase(java.lang.String)[pri:0, instance:com.test.automation.testStartup.TestLauncher@3f49dace]" name="executeTestCase" duration-ms="85" started-at="2018-02-17T15:16:01Z" data-provider="testCaseNameProvider" finished-at="2018-02-17T15:16:01Z">
          <params>
            <param index="0">
              <value>
                <![CDATA[[Searching for a product in Amazon] Get second edition type]]>
              </value>
            </param>
          </params>
          <reporter-output>
          </reporter-output>
        </test-method> <!-- executeTestCase -->
        <test-method status="PASS" signature="executeTestCase(java.lang.String)[pri:0, instance:com.test.automation.testStartup.TestLauncher@3f49dace]" name="executeTestCase" duration-ms="79" started-at="2018-02-17T15:16:01Z" data-provider="testCaseNameProvider" finished-at="2018-02-17T15:16:01Z">
          <params>
            <param index="0">
              <value>
                <![CDATA[[Searching for a product in Amazon] Get second edition price]]>
              </value>
            </param>
          </params>
          <reporter-output>
          </reporter-output>
        </test-method> <!-- executeTestCase -->
        <test-method status="SKIP" signature="executeTestCase(java.lang.String)[pri:0, instance:com.test.automation.testStartup.TestLauncher@3f49dace]" name="executeTestCase" duration-ms="9" started-at="2018-02-17T15:16:01Z" data-provider="testCaseNameProvider" finished-at="2018-02-17T15:16:01Z">
          <params>
            <param index="0">
              <value>
                <![CDATA[]]>
              </value>
            </param>
          </params>
          <exception class="org.testng.SkipException">
            <message>
              <![CDATA[Already Executed]]>
            </message>
            <full-stacktrace>
              <![CDATA[org.testng.SkipException: Already Executed
	at com.test.automation.executionEngine.TestCaseDriver.executeTestSteps(TestCaseDriver.java:79)
	at com.test.automation.testStartup.TestLauncher.executeTestCase(TestLauncher.java:59)
	at sun.reflect.NativeMethodAccessorImpl.invoke0(Native Method)
	at sun.reflect.NativeMethodAccessorImpl.invoke(NativeMethodAccessorImpl.java:62)
	at sun.reflect.DelegatingMethodAccessorImpl.invoke(DelegatingMethodAccessorImpl.java:43)
	at java.lang.reflect.Method.invoke(Method.java:498)
	at org.testng.internal.MethodInvocationHelper.invokeMethod(MethodInvocationHelper.java:104)
	at org.testng.internal.Invoker.invokeMethod(Invoker.java:645)
	at org.testng.internal.Invoker.invokeTestMethod(Invoker.java:851)
	at org.testng.internal.Invoker.invokeTestMethods(Invoker.java:1177)
	at org.testng.internal.TestMethodWorker.invokeTestMethods(TestMethodWorker.java:129)
	at org.testng.internal.TestMethodWorker.run(TestMethodWorker.java:112)
	at org.testng.TestRunner.privateRun(TestRunner.java:756)
	at org.testng.TestRunner.run(TestRunner.java:610)
	at org.testng.SuiteRunner.runTest(SuiteRunner.java:387)
	at org.testng.SuiteRunner.runSequentially(SuiteRunner.java:382)
	at org.testng.SuiteRunner.privateRun(SuiteRunner.java:340)
	at org.testng.SuiteRunner.run(SuiteRunner.java:289)
	at org.testng.SuiteRunnerWorker.runSuite(SuiteRunnerWorker.java:52)
	at org.testng.SuiteRunnerWorker.run(SuiteRunnerWorker.java:86)
	at org.testng.TestNG.runSuitesSequentially(TestNG.java:1293)
	at org.testng.TestNG.runSuitesLocally(TestNG.java:1218)
	at org.testng.TestNG.runSuites(TestNG.java:1133)
	at org.testng.TestNG.run(TestNG.java:1104)
	at org.testng.remote.AbstractRemoteTestNG.run(AbstractRemoteTestNG.java:114)
	at org.testng.remote.RemoteTestNG.initAndRun(RemoteTestNG.java:251)
	at org.testng.remote.RemoteTestNG.main(RemoteTestNG.java:77)
]]>
            </full-stacktrace>
          </exception> <!-- org.testng.SkipException -->
          <reporter-output>
          </reporter-output>
        </test-method> <!-- executeTestCase -->
        <test-method status="SKIP" signature="executeTestCase(java.lang.String)[pri:0, instance:com.test.automation.testStartup.TestLauncher@3f49dace]" name="executeTestCase" duration-ms="9" started-at="2018-02-17T15:16:01Z" data-provider="testCaseNameProvider" finished-at="2018-02-17T15:16:01Z">
          <params>
            <param index="0">
              <value>
                <![CDATA[]]>
              </value>
            </param>
          </params>
          <exception class="org.testng.SkipException">
            <message>
              <![CDATA[Already Executed]]>
            </message>
            <full-stacktrace>
              <![CDATA[org.testng.SkipException: Already Executed
	at com.test.automation.executionEngine.TestCaseDriver.executeTestSteps(TestCaseDriver.java:79)
	at com.test.automation.testStartup.TestLauncher.executeTestCase(TestLauncher.java:59)
	at sun.reflect.NativeMethodAccessorImpl.invoke0(Native Method)
	at sun.reflect.NativeMethodAccessorImpl.invoke(NativeMethodAccessorImpl.java:62)
	at sun.reflect.DelegatingMethodAccessorImpl.invoke(DelegatingMethodAccessorImpl.java:43)
	at java.lang.reflect.Method.invoke(Method.java:498)
	at org.testng.internal.MethodInvocationHelper.invokeMethod(MethodInvocationHelper.java:104)
	at org.testng.internal.Invoker.invokeMethod(Invoker.java:645)
	at org.testng.internal.Invoker.invokeTestMethod(Invoker.java:851)
	at org.testng.internal.Invoker.invokeTestMethods(Invoker.java:1177)
	at org.testng.internal.TestMethodWorker.invokeTestMethods(TestMethodWorker.java:129)
	at org.testng.internal.TestMethodWorker.run(TestMethodWorker.java:112)
	at org.testng.TestRunner.privateRun(TestRunner.java:756)
	at org.testng.TestRunner.run(TestRunner.java:610)
	at org.testng.SuiteRunner.runTest(SuiteRunner.java:387)
	at org.testng.SuiteRunner.runSequentially(SuiteRunner.java:382)
	at org.testng.SuiteRunner.privateRun(SuiteRunner.java:340)
	at org.testng.SuiteRunner.run(SuiteRunner.java:289)
	at org.testng.SuiteRunnerWorker.runSuite(SuiteRunnerWorker.java:52)
	at org.testng.SuiteRunnerWorker.run(SuiteRunnerWorker.java:86)
	at org.testng.TestNG.runSuitesSequentially(TestNG.java:1293)
	at org.testng.TestNG.runSuitesLocally(TestNG.java:1218)
	at org.testng.TestNG.runSuites(TestNG.java:1133)
	at org.testng.TestNG.run(TestNG.java:1104)
	at org.testng.remote.AbstractRemoteTestNG.run(AbstractRemoteTestNG.java:114)
	at org.testng.remote.RemoteTestNG.initAndRun(RemoteTestNG.java:251)
	at org.testng.remote.RemoteTestNG.main(RemoteTestNG.java:77)
]]>
            </full-stacktrace>
          </exception> <!-- org.testng.SkipException -->
          <reporter-output>
          </reporter-output>
        </test-method> <!-- executeTestCase -->
        <test-method status="PASS" signature="afterSuite()[pri:0, instance:com.test.automation.testStartup.TestLauncher@3f49dace]" name="afterSuite" is-config="true" duration-ms="2544" started-at="2018-02-17T15:16:01Z" finished-at="2018-02-17T15:16:04Z">
          <reporter-output>
          </reporter-output>
        </test-method> <!-- afterSuite -->
      </class> <!-- com.test.automation.testStartup.TestLauncher -->
    </test> <!-- Test -->
  </suite> <!-- Suite -->
</testng-results>
